{
  "/home/andrea/Workspace/quality-gate-tool/frontend/src/components/FileSystem3D.tsx": {
    "path": "/home/andrea/Workspace/quality-gate-tool/frontend/src/components/FileSystem3D.tsx",
    "statementMap": {
      "0": {
        "start": { "line": 26, "column": 38 },
        "end": { "line": 26, "column": null }
      },
      "1": {
        "start": { "line": 27, "column": 38 },
        "end": { "line": 27, "column": null }
      },
      "2": {
        "start": { "line": 28, "column": 30 },
        "end": { "line": 28, "column": null }
      },
      "3": {
        "start": { "line": 29, "column": 26 },
        "end": { "line": 29, "column": null }
      },
      "4": {
        "start": { "line": 30, "column": 38 },
        "end": { "line": 30, "column": null }
      },
      "5": {
        "start": { "line": 32, "column": 4 },
        "end": { "line": 34, "column": null }
      },
      "6": {
        "start": { "line": 33, "column": 8 },
        "end": { "line": 33, "column": null }
      },
      "7": {
        "start": { "line": 36, "column": 29 },
        "end": { "line": 48, "column": null }
      },
      "8": {
        "start": { "line": 37, "column": 8 },
        "end": { "line": 37, "column": null }
      },
      "9": {
        "start": { "line": 38, "column": 8 },
        "end": { "line": 38, "column": null }
      },
      "10": {
        "start": { "line": 39, "column": 8 },
        "end": { "line": 47, "column": null }
      },
      "11": {
        "start": { "line": 40, "column": 27 },
        "end": { "line": 40, "column": null }
      },
      "12": {
        "start": { "line": 41, "column": 12 },
        "end": { "line": 41, "column": null }
      },
      "13": {
        "start": { "line": 43, "column": 12 },
        "end": { "line": 43, "column": null }
      },
      "14": {
        "start": { "line": 44, "column": 12 },
        "end": { "line": 44, "column": null }
      },
      "15": {
        "start": { "line": 46, "column": 12 },
        "end": { "line": 46, "column": null }
      },
      "16": {
        "start": { "line": 50, "column": 27 },
        "end": { "line": 54, "column": null }
      },
      "17": {
        "start": { "line": 52, "column": 12 },
        "end": { "line": 52, "column": null }
      },
      "18": {
        "start": { "line": 53, "column": 8 },
        "end": { "line": 53, "column": null }
      },
      "19": {
        "start": { "line": 56, "column": 21 },
        "end": { "line": 62, "column": null }
      },
      "20": {
        "start": { "line": 57, "column": 8 },
        "end": { "line": 57, "column": null }
      },
      "21": {
        "start": { "line": 57, "column": 55 },
        "end": { "line": 57, "column": null }
      },
      "22": {
        "start": { "line": 58, "column": 22 },
        "end": { "line": 58, "column": null }
      },
      "23": {
        "start": { "line": 59, "column": 8 },
        "end": { "line": 59, "column": null }
      },
      "24": {
        "start": { "line": 60, "column": 24 },
        "end": { "line": 60, "column": null }
      },
      "25": {
        "start": { "line": 61, "column": 8 },
        "end": { "line": 61, "column": null }
      },
      "26": {
        "start": { "line": 65, "column": 10 },
        "end": { "line": 65, "column": null }
      },
      "27": {
        "start": { "line": 66, "column": 4 },
        "end": { "line": 111, "column": null }
      },
      "28": {
        "start": { "line": 67, "column": 23 },
        "end": { "line": 67, "column": null }
      },
      "29": {
        "start": { "line": 68, "column": 8 },
        "end": { "line": 68, "column": null }
      },
      "30": {
        "start": { "line": 68, "column": 21 },
        "end": { "line": 68, "column": null }
      },
      "31": {
        "start": { "line": 69, "column": 20 },
        "end": { "line": 69, "column": null }
      },
      "32": {
        "start": { "line": 70, "column": 8 },
        "end": { "line": 70, "column": null }
      },
      "33": {
        "start": { "line": 70, "column": 18 },
        "end": { "line": 70, "column": null }
      },
      "34": {
        "start": { "line": 72, "column": 8 },
        "end": { "line": 72, "column": null }
      },
      "35": {
        "start": { "line": 73, "column": 8 },
        "end": { "line": 73, "column": null }
      },
      "36": {
        "start": { "line": 76, "column": 12 },
        "end": { "line": 76, "column": null }
      },
      "37": {
        "start": { "line": 77, "column": 22 },
        "end": { "line": 77, "column": null }
      },
      "38": {
        "start": { "line": 78, "column": 21 },
        "end": { "line": 78, "column": null }
      },
      "39": {
        "start": { "line": 79, "column": 25 },
        "end": { "line": 79, "column": null }
      },
      "40": {
        "start": { "line": 81, "column": 25 },
        "end": { "line": 81, "column": null }
      },
      "41": {
        "start": { "line": 82, "column": 24 },
        "end": { "line": 82, "column": null }
      },
      "42": {
        "start": { "line": 84, "column": 36 },
        "end": { "line": 84, "column": null }
      },
      "43": {
        "start": { "line": 85, "column": 8 },
        "end": { "line": 87, "column": null }
      },
      "44": {
        "start": { "line": 85, "column": 21 },
        "end": { "line": 85, "column": 24 }
      },
      "45": {
        "start": { "line": 86, "column": 12 },
        "end": { "line": 86, "column": null }
      },
      "46": {
        "start": { "line": 89, "column": 21 },
        "end": { "line": 107, "column": null }
      },
      "47": {
        "start": { "line": 90, "column": 12 },
        "end": { "line": 90, "column": null }
      },
      "48": {
        "start": { "line": 91, "column": 12 },
        "end": { "line": 91, "column": null }
      },
      "49": {
        "start": { "line": 93, "column": 12 },
        "end": { "line": 93, "column": null }
      },
      "50": {
        "start": { "line": 94, "column": 12 },
        "end": { "line": 94, "column": null }
      },
      "51": {
        "start": { "line": 96, "column": 12 },
        "end": { "line": 106, "column": null }
      },
      "52": {
        "start": { "line": 96, "column": 25 },
        "end": { "line": 96, "column": 28 }
      },
      "53": {
        "start": { "line": 97, "column": 29 },
        "end": { "line": 99, "column": null }
      },
      "54": {
        "start": { "line": 100, "column": 16 },
        "end": { "line": 100, "column": null }
      },
      "55": {
        "start": { "line": 102, "column": 16 },
        "end": { "line": 104, "column": null }
      },
      "56": {
        "start": { "line": 103, "column": 20 },
        "end": { "line": 103, "column": null }
      },
      "57": {
        "start": { "line": 105, "column": 16 },
        "end": { "line": 105, "column": null }
      },
      "58": {
        "start": { "line": 109, "column": 25 },
        "end": { "line": 109, "column": null }
      },
      "59": {
        "start": { "line": 110, "column": 8 },
        "end": { "line": 110, "column": null }
      },
      "60": {
        "start": { "line": 110, "column": 21 },
        "end": { "line": 110, "column": null }
      },
      "61": {
        "start": { "line": 113, "column": 4 },
        "end": { "line": 196, "column": null }
      },
      "62": {
        "start": { "line": 151, "column": 43 },
        "end": { "line": 151, "column": null }
      },
      "63": {
        "start": { "line": 168, "column": 32 },
        "end": { "line": 178, "column": null }
      },
      "64": {
        "start": { "line": 170, "column": 51 },
        "end": { "line": 170, "column": null }
      },
      "65": {
        "start": { "line": 171, "column": 56 },
        "end": { "line": 171, "column": null }
      },
      "66": {
        "start": { "line": 172, "column": 56 },
        "end": { "line": 172, "column": null }
      }
    },
    "fnMap": {
      "0": {
        "name": "FileSystem3D",
        "decl": {
          "start": { "line": 21, "column": 24 },
          "end": { "line": 21, "column": 37 }
        },
        "loc": {
          "start": { "line": 25, "column": 22 },
          "end": { "line": 198, "column": null }
        },
        "line": 25
      },
      "1": {
        "name": "(anonymous_1)",
        "decl": {
          "start": { "line": 32, "column": 14 },
          "end": { "line": 32, "column": 20 }
        },
        "loc": {
          "start": { "line": 32, "column": 20 },
          "end": { "line": 34, "column": 7 }
        },
        "line": 32
      },
      "2": {
        "name": "(anonymous_2)",
        "decl": {
          "start": { "line": 36, "column": 29 },
          "end": { "line": 36, "column": 36 }
        },
        "loc": {
          "start": { "line": 36, "column": 53 },
          "end": { "line": 48, "column": null }
        },
        "line": 36
      },
      "3": {
        "name": "(anonymous_3)",
        "decl": {
          "start": { "line": 50, "column": 27 },
          "end": { "line": 50, "column": 28 }
        },
        "loc": {
          "start": { "line": 50, "column": 48 },
          "end": { "line": 54, "column": null }
        },
        "line": 50
      },
      "4": {
        "name": "(anonymous_4)",
        "decl": {
          "start": { "line": 56, "column": 21 },
          "end": { "line": 56, "column": 27 }
        },
        "loc": {
          "start": { "line": 56, "column": 27 },
          "end": { "line": 62, "column": null }
        },
        "line": 56
      },
      "5": {
        "name": "(anonymous_5)",
        "decl": {
          "start": { "line": 66, "column": 14 },
          "end": { "line": 66, "column": 20 }
        },
        "loc": {
          "start": { "line": 66, "column": 20 },
          "end": { "line": 111, "column": 7 }
        },
        "line": 66
      },
      "6": {
        "name": "(anonymous_6)",
        "decl": {
          "start": { "line": 89, "column": 21 },
          "end": { "line": 89, "column": 27 }
        },
        "loc": {
          "start": { "line": 89, "column": 27 },
          "end": { "line": 107, "column": null }
        },
        "line": 89
      },
      "7": {
        "name": "(anonymous_7)",
        "decl": {
          "start": { "line": 110, "column": 15 },
          "end": { "line": 110, "column": 21 }
        },
        "loc": {
          "start": { "line": 110, "column": 21 },
          "end": { "line": 110, "column": null }
        },
        "line": 110
      },
      "8": {
        "name": "(anonymous_8)",
        "decl": {
          "start": { "line": 151, "column": 37 },
          "end": { "line": 151, "column": 43 }
        },
        "loc": {
          "start": { "line": 151, "column": 43 },
          "end": { "line": 151, "column": null }
        },
        "line": 151
      },
      "9": {
        "name": "(anonymous_9)",
        "decl": {
          "start": { "line": 167, "column": 45 },
          "end": { "line": 167, "column": 46 }
        },
        "loc": {
          "start": { "line": 168, "column": 32 },
          "end": { "line": 178, "column": null }
        },
        "line": 168
      },
      "10": {
        "name": "(anonymous_10)",
        "decl": {
          "start": { "line": 170, "column": 45 },
          "end": { "line": 170, "column": 51 }
        },
        "loc": {
          "start": { "line": 170, "column": 51 },
          "end": { "line": 170, "column": null }
        },
        "line": 170
      },
      "11": {
        "name": "(anonymous_11)",
        "decl": {
          "start": { "line": 171, "column": 50 },
          "end": { "line": 171, "column": 56 }
        },
        "loc": {
          "start": { "line": 171, "column": 56 },
          "end": { "line": 171, "column": null }
        },
        "line": 171
      },
      "12": {
        "name": "(anonymous_12)",
        "decl": {
          "start": { "line": 172, "column": 50 },
          "end": { "line": 172, "column": 56 }
        },
        "loc": {
          "start": { "line": 172, "column": 56 },
          "end": { "line": 172, "column": null }
        },
        "line": 172
      }
    },
    "branchMap": {
      "0": {
        "loc": {
          "start": { "line": 41, "column": 27 },
          "end": { "line": 41, "column": 51 }
        },
        "type": "binary-expr",
        "locations": [
          {
            "start": { "line": 41, "column": 27 },
            "end": { "line": 41, "column": 49 }
          },
          {
            "start": { "line": 41, "column": 49 },
            "end": { "line": 41, "column": 51 }
          }
        ],
        "line": 41
      },
      "1": {
        "loc": {
          "start": { "line": 52, "column": 12 },
          "end": { "line": 52, "column": null }
        },
        "type": "cond-expr",
        "locations": [
          {
            "start": { "line": 52, "column": 34 },
            "end": { "line": 52, "column": 50 }
          },
          {
            "start": { "line": 52, "column": 50 },
            "end": { "line": 52, "column": null }
          }
        ],
        "line": 52
      },
      "2": {
        "loc": {
          "start": { "line": 57, "column": 8 },
          "end": { "line": 57, "column": null }
        },
        "type": "if",
        "locations": [
          {
            "start": { "line": 57, "column": 8 },
            "end": { "line": 57, "column": null }
          },
          { "start": {}, "end": {} }
        ],
        "line": 57
      },
      "3": {
        "loc": {
          "start": { "line": 57, "column": 12 },
          "end": { "line": 57, "column": 55 }
        },
        "type": "binary-expr",
        "locations": [
          {
            "start": { "line": 57, "column": 12 },
            "end": { "line": 57, "column": 35 }
          },
          {
            "start": { "line": 57, "column": 35 },
            "end": { "line": 57, "column": 55 }
          }
        ],
        "line": 57
      },
      "4": {
        "loc": {
          "start": { "line": 60, "column": 24 },
          "end": { "line": 60, "column": null }
        },
        "type": "binary-expr",
        "locations": [
          {
            "start": { "line": 60, "column": 24 },
            "end": { "line": 60, "column": 43 }
          },
          {
            "start": { "line": 60, "column": 43 },
            "end": { "line": 60, "column": null }
          }
        ],
        "line": 60
      },
      "5": {
        "loc": {
          "start": { "line": 68, "column": 8 },
          "end": { "line": 68, "column": null }
        },
        "type": "if",
        "locations": [
          {
            "start": { "line": 68, "column": 8 },
            "end": { "line": 68, "column": null }
          },
          { "start": {}, "end": {} }
        ],
        "line": 68
      },
      "6": {
        "loc": {
          "start": { "line": 70, "column": 8 },
          "end": { "line": 70, "column": null }
        },
        "type": "if",
        "locations": [
          {
            "start": { "line": 70, "column": 8 },
            "end": { "line": 70, "column": null }
          },
          { "start": {}, "end": {} }
        ],
        "line": 70
      },
      "7": {
        "loc": {
          "start": { "line": 102, "column": 16 },
          "end": { "line": 104, "column": null }
        },
        "type": "if",
        "locations": [
          {
            "start": { "line": 102, "column": 16 },
            "end": { "line": 104, "column": null }
          },
          { "start": {}, "end": {} }
        ],
        "line": 102
      },
      "8": {
        "loc": {
          "start": { "line": 102, "column": 20 },
          "end": { "line": 102, "column": 86 }
        },
        "type": "binary-expr",
        "locations": [
          {
            "start": { "line": 102, "column": 20 },
            "end": { "line": 102, "column": 63 }
          },
          {
            "start": { "line": 102, "column": 63 },
            "end": { "line": 102, "column": 86 }
          }
        ],
        "line": 102
      },
      "9": {
        "loc": {
          "start": { "line": 161, "column": 21 },
          "end": { "line": 185, "column": null }
        },
        "type": "cond-expr",
        "locations": [
          {
            "start": { "line": 162, "column": 24 },
            "end": { "line": 162, "column": null }
          },
          {
            "start": { "line": 163, "column": 24 },
            "end": { "line": 185, "column": null }
          }
        ],
        "line": 161
      },
      "10": {
        "loc": {
          "start": { "line": 163, "column": 24 },
          "end": { "line": 185, "column": null }
        },
        "type": "cond-expr",
        "locations": [
          {
            "start": { "line": 164, "column": 24 },
            "end": { "line": 164, "column": null }
          },
          {
            "start": { "line": 166, "column": 24 },
            "end": { "line": 185, "column": null }
          }
        ],
        "line": 163
      },
      "11": {
        "loc": {
          "start": { "line": 173, "column": 68 },
          "end": { "line": 173, "column": 127 }
        },
        "type": "cond-expr",
        "locations": [
          {
            "start": { "line": 173, "column": 95 },
            "end": { "line": 173, "column": 125 }
          },
          {
            "start": { "line": 173, "column": 125 },
            "end": { "line": 173, "column": 127 }
          }
        ],
        "line": 173
      },
      "12": {
        "loc": {
          "start": { "line": 180, "column": 29 },
          "end": { "line": 183, "column": null }
        },
        "type": "binary-expr",
        "locations": [
          {
            "start": { "line": 180, "column": 29 },
            "end": { "line": 180, "column": null }
          },
          {
            "start": { "line": 181, "column": 32 },
            "end": { "line": 183, "column": null }
          }
        ],
        "line": 180
      }
    },
    "s": {
      "0": 6,
      "1": 6,
      "2": 6,
      "3": 6,
      "4": 6,
      "5": 6,
      "6": 2,
      "7": 6,
      "8": 2,
      "9": 2,
      "10": 2,
      "11": 2,
      "12": 1,
      "13": 1,
      "14": 1,
      "15": 2,
      "16": 6,
      "17": 0,
      "18": 0,
      "19": 6,
      "20": 0,
      "21": 0,
      "22": 0,
      "23": 0,
      "24": 0,
      "25": 0,
      "26": 6,
      "27": 6,
      "28": 2,
      "29": 2,
      "30": 0,
      "31": 2,
      "32": 2,
      "33": 2,
      "34": 0,
      "35": 0,
      "36": 0,
      "37": 0,
      "38": 0,
      "39": 0,
      "40": 0,
      "41": 0,
      "42": 0,
      "43": 0,
      "44": 0,
      "45": 0,
      "46": 0,
      "47": 0,
      "48": 0,
      "49": 0,
      "50": 0,
      "51": 0,
      "52": 0,
      "53": 0,
      "54": 0,
      "55": 0,
      "56": 0,
      "57": 0,
      "58": 0,
      "59": 0,
      "60": 0,
      "61": 6,
      "62": 0,
      "63": 2,
      "64": 0,
      "65": 0,
      "66": 0
    },
    "f": {
      "0": 6,
      "1": 2,
      "2": 2,
      "3": 0,
      "4": 0,
      "5": 2,
      "6": 0,
      "7": 0,
      "8": 0,
      "9": 2,
      "10": 0,
      "11": 0,
      "12": 0
    },
    "b": {
      "0": [1, 0],
      "1": [0, 0],
      "2": [0, 0],
      "3": [0, 0],
      "4": [0, 0],
      "5": [0, 2],
      "6": [2, 0],
      "7": [0, 0],
      "8": [0, 0],
      "9": [2, 4],
      "10": [1, 3],
      "11": [0, 2],
      "12": [3, 2]
    },
    "meta": {
      "lastBranch": 13,
      "lastFunction": 13,
      "lastStatement": 67,
      "seen": {
        "f:21:24:21:37": 0,
        "s:26:38:26:Infinity": 0,
        "s:27:38:27:Infinity": 1,
        "s:28:30:28:Infinity": 2,
        "s:29:26:29:Infinity": 3,
        "s:30:38:30:Infinity": 4,
        "s:32:4:34:Infinity": 5,
        "f:32:14:32:20": 1,
        "s:33:8:33:Infinity": 6,
        "s:36:29:48:Infinity": 7,
        "f:36:29:36:36": 2,
        "s:37:8:37:Infinity": 8,
        "s:38:8:38:Infinity": 9,
        "s:39:8:47:Infinity": 10,
        "s:40:27:40:Infinity": 11,
        "s:41:12:41:Infinity": 12,
        "b:41:27:41:49:41:49:41:51": 0,
        "s:43:12:43:Infinity": 13,
        "s:44:12:44:Infinity": 14,
        "s:46:12:46:Infinity": 15,
        "s:50:27:54:Infinity": 16,
        "f:50:27:50:28": 3,
        "s:52:12:52:Infinity": 17,
        "b:52:34:52:50:52:50:52:Infinity": 1,
        "s:53:8:53:Infinity": 18,
        "s:56:21:62:Infinity": 19,
        "f:56:21:56:27": 4,
        "b:57:8:57:Infinity:undefined:undefined:undefined:undefined": 2,
        "s:57:8:57:Infinity": 20,
        "b:57:12:57:35:57:35:57:55": 3,
        "s:57:55:57:Infinity": 21,
        "s:58:22:58:Infinity": 22,
        "s:59:8:59:Infinity": 23,
        "s:60:24:60:Infinity": 24,
        "b:60:24:60:43:60:43:60:Infinity": 4,
        "s:61:8:61:Infinity": 25,
        "s:65:10:65:Infinity": 26,
        "s:66:4:111:Infinity": 27,
        "f:66:14:66:20": 5,
        "s:67:23:67:Infinity": 28,
        "b:68:8:68:Infinity:undefined:undefined:undefined:undefined": 5,
        "s:68:8:68:Infinity": 29,
        "s:68:21:68:Infinity": 30,
        "s:69:20:69:Infinity": 31,
        "b:70:8:70:Infinity:undefined:undefined:undefined:undefined": 6,
        "s:70:8:70:Infinity": 32,
        "s:70:18:70:Infinity": 33,
        "s:72:8:72:Infinity": 34,
        "s:73:8:73:Infinity": 35,
        "s:76:12:76:Infinity": 36,
        "s:77:22:77:Infinity": 37,
        "s:78:21:78:Infinity": 38,
        "s:79:25:79:Infinity": 39,
        "s:81:25:81:Infinity": 40,
        "s:82:24:82:Infinity": 41,
        "s:84:36:84:Infinity": 42,
        "s:85:8:87:Infinity": 43,
        "s:85:21:85:24": 44,
        "s:86:12:86:Infinity": 45,
        "s:89:21:107:Infinity": 46,
        "f:89:21:89:27": 6,
        "s:90:12:90:Infinity": 47,
        "s:91:12:91:Infinity": 48,
        "s:93:12:93:Infinity": 49,
        "s:94:12:94:Infinity": 50,
        "s:96:12:106:Infinity": 51,
        "s:96:25:96:28": 52,
        "s:97:29:99:Infinity": 53,
        "s:100:16:100:Infinity": 54,
        "b:102:16:104:Infinity:undefined:undefined:undefined:undefined": 7,
        "s:102:16:104:Infinity": 55,
        "b:102:20:102:63:102:63:102:86": 8,
        "s:103:20:103:Infinity": 56,
        "s:105:16:105:Infinity": 57,
        "s:109:25:109:Infinity": 58,
        "s:110:8:110:Infinity": 59,
        "f:110:15:110:21": 7,
        "s:110:21:110:Infinity": 60,
        "s:113:4:196:Infinity": 61,
        "f:151:37:151:43": 8,
        "s:151:43:151:Infinity": 62,
        "b:162:24:162:Infinity:163:24:185:Infinity": 9,
        "b:164:24:164:Infinity:166:24:185:Infinity": 10,
        "f:167:45:167:46": 9,
        "s:168:32:178:Infinity": 63,
        "f:170:45:170:51": 10,
        "s:170:51:170:Infinity": 64,
        "f:171:50:171:56": 11,
        "s:171:56:171:Infinity": 65,
        "f:172:50:172:56": 12,
        "s:172:56:172:Infinity": 66,
        "b:173:95:173:125:173:125:173:127": 11,
        "b:180:29:180:Infinity:181:32:183:Infinity": 12
      }
    }
  },
  "/home/andrea/Workspace/quality-gate-tool/frontend/src/components/LoadingModal.tsx": {
    "path": "/home/andrea/Workspace/quality-gate-tool/frontend/src/components/LoadingModal.tsx",
    "statementMap": {
      "0": {
        "start": { "line": 12, "column": 4 },
        "end": { "line": 45, "column": null }
      }
    },
    "fnMap": {
      "0": {
        "name": "LoadingModal",
        "decl": {
          "start": { "line": 11, "column": 24 },
          "end": { "line": 11, "column": 37 }
        },
        "loc": {
          "start": { "line": 11, "column": 99 },
          "end": { "line": 47, "column": null }
        },
        "line": 11
      },
      "1": {
        "name": "(anonymous_1)",
        "decl": {
          "start": { "line": 15, "column": 21 },
          "end": { "line": 15, "column": 27 }
        },
        "loc": {
          "start": { "line": 15, "column": 27 },
          "end": { "line": 15, "column": null }
        },
        "line": 15
      }
    },
    "branchMap": {
      "0": {
        "loc": {
          "start": { "line": 11, "column": 47 },
          "end": { "line": 11, "column": 69 }
        },
        "type": "default-arg",
        "locations": [
          {
            "start": { "line": 11, "column": 55 },
            "end": { "line": 11, "column": 69 }
          }
        ],
        "line": 11
      },
      "1": {
        "loc": {
          "start": { "line": 35, "column": 21 },
          "end": { "line": 41, "column": null }
        },
        "type": "binary-expr",
        "locations": [
          {
            "start": { "line": 35, "column": 21 },
            "end": { "line": 35, "column": null }
          },
          {
            "start": { "line": 36, "column": 24 },
            "end": { "line": 41, "column": null }
          }
        ],
        "line": 35
      }
    },
    "s": { "0": 1 },
    "f": { "0": 1, "1": 0 },
    "b": { "0": [1], "1": [1, 1] },
    "meta": {
      "lastBranch": 2,
      "lastFunction": 2,
      "lastStatement": 1,
      "seen": {
        "f:11:24:11:37": 0,
        "b:11:55:11:69": 0,
        "s:12:4:45:Infinity": 0,
        "f:15:21:15:27": 1,
        "b:35:21:35:Infinity:36:24:41:Infinity": 1
      }
    }
  },
  "/home/andrea/Workspace/quality-gate-tool/frontend/src/components/ModuleCard.tsx": {
    "path": "/home/andrea/Workspace/quality-gate-tool/frontend/src/components/ModuleCard.tsx",
    "statementMap": {
      "0": {
        "start": { "line": 28, "column": 10 },
        "end": { "line": 28, "column": null }
      },
      "1": {
        "start": { "line": 29, "column": 44 },
        "end": { "line": 29, "column": null }
      },
      "2": {
        "start": { "line": 32, "column": 4 },
        "end": { "line": 40, "column": null }
      },
      "3": {
        "start": { "line": 33, "column": 8 },
        "end": { "line": 39, "column": null }
      },
      "4": {
        "start": { "line": 34, "column": 12 },
        "end": { "line": 34, "column": null }
      },
      "5": {
        "start": { "line": 35, "column": 12 },
        "end": { "line": 35, "column": null }
      },
      "6": {
        "start": { "line": 37, "column": 12 },
        "end": { "line": 37, "column": null }
      },
      "7": {
        "start": { "line": 38, "column": 12 },
        "end": { "line": 38, "column": null }
      },
      "8": {
        "start": { "line": 42, "column": 28 },
        "end": { "line": 69, "column": null }
      },
      "9": {
        "start": { "line": 43, "column": 26 },
        "end": { "line": 43, "column": null }
      },
      "10": {
        "start": { "line": 44, "column": 8 },
        "end": { "line": 44, "column": null }
      },
      "11": {
        "start": { "line": 44, "column": 24 },
        "end": { "line": 44, "column": null }
      },
      "12": {
        "start": { "line": 46, "column": 8 },
        "end": { "line": 46, "column": null }
      },
      "13": {
        "start": { "line": 48, "column": 8 },
        "end": { "line": 68, "column": null }
      },
      "14": {
        "start": { "line": 48, "column": 21 },
        "end": { "line": 48, "column": 24 }
      },
      "15": {
        "start": { "line": 49, "column": 25 },
        "end": { "line": 49, "column": null }
      },
      "16": {
        "start": { "line": 50, "column": 12 },
        "end": { "line": 50, "column": null }
      },
      "17": {
        "start": { "line": 51, "column": 12 },
        "end": { "line": 51, "column": null }
      },
      "18": {
        "start": { "line": 53, "column": 28 },
        "end": { "line": 53, "column": null }
      },
      "19": {
        "start": { "line": 54, "column": 29 },
        "end": { "line": 54, "column": null }
      },
      "20": {
        "start": { "line": 55, "column": 26 },
        "end": { "line": 55, "column": null }
      },
      "21": {
        "start": { "line": 57, "column": 12 },
        "end": { "line": 57, "column": null }
      },
      "22": {
        "start": { "line": 58, "column": 12 },
        "end": { "line": 58, "column": null }
      },
      "23": {
        "start": { "line": 59, "column": 12 },
        "end": { "line": 59, "column": null }
      },
      "24": {
        "start": { "line": 61, "column": 12 },
        "end": { "line": 65, "column": null }
      },
      "25": {
        "start": { "line": 62, "column": 16 },
        "end": { "line": 62, "column": null }
      },
      "26": {
        "start": { "line": 63, "column": 12 },
        "end": { "line": 65, "column": null }
      },
      "27": {
        "start": { "line": 64, "column": 16 },
        "end": { "line": 64, "column": null }
      },
      "28": {
        "start": { "line": 67, "column": 12 },
        "end": { "line": 67, "column": null }
      },
      "29": {
        "start": { "line": 71, "column": 27 },
        "end": { "line": 76, "column": null }
      },
      "30": {
        "start": { "line": 72, "column": 26 },
        "end": { "line": 72, "column": null }
      },
      "31": {
        "start": { "line": 73, "column": 8 },
        "end": { "line": 75, "column": null }
      },
      "32": {
        "start": { "line": 74, "column": 12 },
        "end": { "line": 74, "column": null }
      },
      "33": {
        "start": { "line": 78, "column": 26 },
        "end": { "line": 105, "column": null }
      },
      "34": {
        "start": { "line": 79, "column": 8 },
        "end": { "line": 104, "column": null }
      },
      "35": {
        "start": { "line": 82, "column": 16 },
        "end": { "line": 86, "column": null }
      },
      "36": {
        "start": { "line": 89, "column": 16 },
        "end": { "line": 93, "column": null }
      },
      "37": {
        "start": { "line": 96, "column": 16 },
        "end": { "line": 100, "column": null }
      },
      "38": {
        "start": { "line": 103, "column": 16 },
        "end": { "line": 103, "column": null }
      },
      "39": {
        "start": { "line": 107, "column": 4 },
        "end": { "line": 178, "column": null }
      }
    },
    "fnMap": {
      "0": {
        "name": "ModuleCard",
        "decl": {
          "start": { "line": 18, "column": 24 },
          "end": { "line": 18, "column": 35 }
        },
        "loc": {
          "start": { "line": 27, "column": 20 },
          "end": { "line": 180, "column": null }
        },
        "line": 27
      },
      "1": {
        "name": "(anonymous_1)",
        "decl": {
          "start": { "line": 32, "column": 14 },
          "end": { "line": 32, "column": 20 }
        },
        "loc": {
          "start": { "line": 32, "column": 20 },
          "end": { "line": 40, "column": 7 }
        },
        "line": 32
      },
      "2": {
        "name": "(anonymous_2)",
        "decl": {
          "start": { "line": 42, "column": 28 },
          "end": { "line": 42, "column": 34 }
        },
        "loc": {
          "start": { "line": 42, "column": 34 },
          "end": { "line": 69, "column": null }
        },
        "line": 42
      },
      "3": {
        "name": "(anonymous_3)",
        "decl": {
          "start": { "line": 71, "column": 27 },
          "end": { "line": 71, "column": 33 }
        },
        "loc": {
          "start": { "line": 71, "column": 33 },
          "end": { "line": 76, "column": null }
        },
        "line": 71
      },
      "4": {
        "name": "(anonymous_4)",
        "decl": {
          "start": { "line": 78, "column": 26 },
          "end": { "line": 78, "column": 32 }
        },
        "loc": {
          "start": { "line": 78, "column": 32 },
          "end": { "line": 105, "column": null }
        },
        "line": 78
      }
    },
    "branchMap": {
      "0": {
        "loc": {
          "start": { "line": 33, "column": 8 },
          "end": { "line": 39, "column": null }
        },
        "type": "if",
        "locations": [
          {
            "start": { "line": 33, "column": 8 },
            "end": { "line": 39, "column": null }
          },
          {
            "start": { "line": 36, "column": 15 },
            "end": { "line": 39, "column": null }
          }
        ],
        "line": 33
      },
      "1": {
        "loc": {
          "start": { "line": 44, "column": 8 },
          "end": { "line": 44, "column": null }
        },
        "type": "if",
        "locations": [
          {
            "start": { "line": 44, "column": 8 },
            "end": { "line": 44, "column": null }
          },
          { "start": {}, "end": {} }
        ],
        "line": 44
      },
      "2": {
        "loc": {
          "start": { "line": 61, "column": 12 },
          "end": { "line": 65, "column": null }
        },
        "type": "if",
        "locations": [
          {
            "start": { "line": 61, "column": 12 },
            "end": { "line": 65, "column": null }
          },
          {
            "start": { "line": 63, "column": 12 },
            "end": { "line": 65, "column": null }
          }
        ],
        "line": 61
      },
      "3": {
        "loc": {
          "start": { "line": 63, "column": 12 },
          "end": { "line": 65, "column": null }
        },
        "type": "if",
        "locations": [
          {
            "start": { "line": 63, "column": 12 },
            "end": { "line": 65, "column": null }
          },
          { "start": {}, "end": {} }
        ],
        "line": 63
      },
      "4": {
        "loc": {
          "start": { "line": 73, "column": 8 },
          "end": { "line": 75, "column": null }
        },
        "type": "if",
        "locations": [
          {
            "start": { "line": 73, "column": 8 },
            "end": { "line": 75, "column": null }
          },
          { "start": {}, "end": {} }
        ],
        "line": 73
      },
      "5": {
        "loc": {
          "start": { "line": 79, "column": 8 },
          "end": { "line": 104, "column": null }
        },
        "type": "switch",
        "locations": [
          {
            "start": { "line": 80, "column": 12 },
            "end": { "line": 80, "column": null }
          },
          {
            "start": { "line": 81, "column": 12 },
            "end": { "line": 86, "column": null }
          },
          {
            "start": { "line": 88, "column": 12 },
            "end": { "line": 93, "column": null }
          },
          {
            "start": { "line": 95, "column": 12 },
            "end": { "line": 100, "column": null }
          },
          {
            "start": { "line": 102, "column": 12 },
            "end": { "line": 103, "column": null }
          }
        ],
        "line": 79
      },
      "6": {
        "loc": {
          "start": { "line": 115, "column": 29 },
          "end": { "line": 116, "column": null }
        },
        "type": "binary-expr",
        "locations": [
          {
            "start": { "line": 115, "column": 29 },
            "end": { "line": 115, "column": null }
          },
          {
            "start": { "line": 116, "column": 32 },
            "end": { "line": 116, "column": null }
          }
        ],
        "line": 115
      },
      "7": {
        "loc": {
          "start": { "line": 123, "column": 25 },
          "end": { "line": 127, "column": null }
        },
        "type": "cond-expr",
        "locations": [
          {
            "start": { "line": 124, "column": 30 },
            "end": { "line": 124, "column": null }
          },
          {
            "start": { "line": 125, "column": 30 },
            "end": { "line": 127, "column": null }
          }
        ],
        "line": 123
      },
      "8": {
        "loc": {
          "start": { "line": 125, "column": 30 },
          "end": { "line": 127, "column": null }
        },
        "type": "cond-expr",
        "locations": [
          {
            "start": { "line": 126, "column": 34 },
            "end": { "line": 126, "column": null }
          },
          {
            "start": { "line": 127, "column": 34 },
            "end": { "line": 127, "column": null }
          }
        ],
        "line": 125
      },
      "9": {
        "loc": {
          "start": { "line": 129, "column": 16 },
          "end": { "line": 167, "column": null }
        },
        "type": "binary-expr",
        "locations": [
          {
            "start": { "line": 131, "column": 18 },
            "end": { "line": 131, "column": 29 }
          },
          {
            "start": { "line": 131, "column": 29 },
            "end": { "line": 131, "column": null }
          },
          {
            "start": { "line": 132, "column": 20 },
            "end": { "line": 167, "column": null }
          }
        ],
        "line": 129
      },
      "10": {
        "loc": {
          "start": { "line": 137, "column": 29 },
          "end": { "line": 138, "column": null }
        },
        "type": "binary-expr",
        "locations": [
          {
            "start": { "line": 137, "column": 29 },
            "end": { "line": 137, "column": null }
          },
          {
            "start": { "line": 138, "column": 32 },
            "end": { "line": 138, "column": null }
          }
        ],
        "line": 137
      },
      "11": {
        "loc": {
          "start": { "line": 140, "column": 29 },
          "end": { "line": 164, "column": null }
        },
        "type": "binary-expr",
        "locations": [
          {
            "start": { "line": 140, "column": 29 },
            "end": { "line": 140, "column": null }
          },
          {
            "start": { "line": 141, "column": 32 },
            "end": { "line": 164, "column": null }
          }
        ],
        "line": 140
      },
      "12": {
        "loc": {
          "start": { "line": 169, "column": 12 },
          "end": { "line": 172, "column": null }
        },
        "type": "binary-expr",
        "locations": [
          {
            "start": { "line": 171, "column": 14 },
            "end": { "line": 171, "column": 38 }
          },
          {
            "start": { "line": 171, "column": 38 },
            "end": { "line": 171, "column": null }
          },
          {
            "start": { "line": 172, "column": 16 },
            "end": { "line": 172, "column": null }
          }
        ],
        "line": 169
      },
      "13": {
        "loc": {
          "start": { "line": 175, "column": 13 },
          "end": { "line": 176, "column": null }
        },
        "type": "binary-expr",
        "locations": [
          {
            "start": { "line": 175, "column": 13 },
            "end": { "line": 175, "column": null }
          },
          {
            "start": { "line": 176, "column": 16 },
            "end": { "line": 176, "column": null }
          }
        ],
        "line": 175
      }
    },
    "s": {
      "0": 1,
      "1": 1,
      "2": 1,
      "3": 1,
      "4": 0,
      "5": 0,
      "6": 1,
      "7": 1,
      "8": 1,
      "9": 0,
      "10": 0,
      "11": 0,
      "12": 0,
      "13": 0,
      "14": 0,
      "15": 0,
      "16": 0,
      "17": 0,
      "18": 0,
      "19": 0,
      "20": 0,
      "21": 0,
      "22": 0,
      "23": 0,
      "24": 0,
      "25": 0,
      "26": 0,
      "27": 0,
      "28": 0,
      "29": 1,
      "30": 1,
      "31": 1,
      "32": 0,
      "33": 1,
      "34": 1,
      "35": 0,
      "36": 1,
      "37": 0,
      "38": 0,
      "39": 1
    },
    "f": { "0": 1, "1": 1, "2": 0, "3": 1, "4": 1 },
    "b": {
      "0": [0, 1],
      "1": [0, 0],
      "2": [0, 0],
      "3": [0, 0],
      "4": [0, 1],
      "5": [0, 0, 1, 0, 0],
      "6": [1, 0],
      "7": [1, 0],
      "8": [0, 0],
      "9": [1, 1, 0],
      "10": [0, 0],
      "11": [0, 0],
      "12": [1, 1, 0],
      "13": [1, 0]
    },
    "meta": {
      "lastBranch": 14,
      "lastFunction": 5,
      "lastStatement": 40,
      "seen": {
        "f:18:24:18:35": 0,
        "s:28:10:28:Infinity": 0,
        "s:29:44:29:Infinity": 1,
        "s:32:4:40:Infinity": 2,
        "f:32:14:32:20": 1,
        "b:33:8:39:Infinity:36:15:39:Infinity": 0,
        "s:33:8:39:Infinity": 3,
        "s:34:12:34:Infinity": 4,
        "s:35:12:35:Infinity": 5,
        "s:37:12:37:Infinity": 6,
        "s:38:12:38:Infinity": 7,
        "s:42:28:69:Infinity": 8,
        "f:42:28:42:34": 2,
        "s:43:26:43:Infinity": 9,
        "b:44:8:44:Infinity:undefined:undefined:undefined:undefined": 1,
        "s:44:8:44:Infinity": 10,
        "s:44:24:44:Infinity": 11,
        "s:46:8:46:Infinity": 12,
        "s:48:8:68:Infinity": 13,
        "s:48:21:48:24": 14,
        "s:49:25:49:Infinity": 15,
        "s:50:12:50:Infinity": 16,
        "s:51:12:51:Infinity": 17,
        "s:53:28:53:Infinity": 18,
        "s:54:29:54:Infinity": 19,
        "s:55:26:55:Infinity": 20,
        "s:57:12:57:Infinity": 21,
        "s:58:12:58:Infinity": 22,
        "s:59:12:59:Infinity": 23,
        "b:61:12:65:Infinity:63:12:65:Infinity": 2,
        "s:61:12:65:Infinity": 24,
        "s:62:16:62:Infinity": 25,
        "b:63:12:65:Infinity:undefined:undefined:undefined:undefined": 3,
        "s:63:12:65:Infinity": 26,
        "s:64:16:64:Infinity": 27,
        "s:67:12:67:Infinity": 28,
        "s:71:27:76:Infinity": 29,
        "f:71:27:71:33": 3,
        "s:72:26:72:Infinity": 30,
        "b:73:8:75:Infinity:undefined:undefined:undefined:undefined": 4,
        "s:73:8:75:Infinity": 31,
        "s:74:12:74:Infinity": 32,
        "s:78:26:105:Infinity": 33,
        "f:78:26:78:32": 4,
        "b:80:12:80:Infinity:81:12:86:Infinity:88:12:93:Infinity:95:12:100:Infinity:102:12:103:Infinity": 5,
        "s:79:8:104:Infinity": 34,
        "s:82:16:86:Infinity": 35,
        "s:89:16:93:Infinity": 36,
        "s:96:16:100:Infinity": 37,
        "s:103:16:103:Infinity": 38,
        "s:107:4:178:Infinity": 39,
        "b:115:29:115:Infinity:116:32:116:Infinity": 6,
        "b:124:30:124:Infinity:125:30:127:Infinity": 7,
        "b:126:34:126:Infinity:127:34:127:Infinity": 8,
        "b:131:18:131:29:131:29:131:Infinity:132:20:167:Infinity": 9,
        "b:137:29:137:Infinity:138:32:138:Infinity": 10,
        "b:140:29:140:Infinity:141:32:164:Infinity": 11,
        "b:171:14:171:38:171:38:171:Infinity:172:16:172:Infinity": 12,
        "b:175:13:175:Infinity:176:16:176:Infinity": 13
      }
    }
  }
}
